Logging to /home/jonathan/Documents/projects/autoresearch/runs/run_013/run.log
Initial config written to /home/jonathan/Documents/projects/autoresearch/runs/run_013/config.json
Detected GPU: Radeon 8060S Graphics -> peak BF16 FLOPS: 1.4e+14
Vocab size: 402
Model config: {'sequence_len': 8192, 'vocab_size': 402, 'n_layer': 12, 'n_head': 9, 'n_kv_head': 9, 'n_embd': 576, 'window_pattern': 'SSSL'}
Parameter counts:
  wte                     : 231,552
  value_embeds            : 1,389,312
  lm_head                 : 231,552
  transformer_matrices    : 47,777,472
  scalars                 : 24
  total                   : 49,629,912
Estimated FLOPs per token: 7.127274e+08
Scaling AdamW LRs by 1/sqrt(576/768) = 1.154701
ROCm: patched InductorBenchmarker (ZeroDivisionError fix)
torch.compile: enabled
Time budget: 57600s
Gradient accumulation steps: 1
/home/jonathan/Documents/projects/autoresearch/.venv/lib/python3.10/site-packages/torch/autograd/function.py:581: UserWarning: Using AOTriton backend for Efficient Attention forward... (Triggered internally at /pytorch/aten/src/ATen/native/transformers/hip/attention.hip:1452.)
  return super().apply(*args, **kwargs)  # type: ignore[misc]
