Logging to /home/jonathan/Documents/projects/autoresearch/runs/run_019/run.log
Initial config written to /home/jonathan/Documents/projects/autoresearch/runs/run_019/config.json
Detected GPU: Radeon 8060S Graphics -> peak BF16 FLOPS: 1.4e+14
Vocab size: 402
Model config: {'sequence_len': 8192, 'vocab_size': 402, 'n_layer': 12, 'n_head': 9, 'n_kv_head': 9, 'n_embd': 576, 'window_pattern': 'SSSL'}
Parameter counts:
  wte                     : 231,552
  value_embeds            : 1,389,312
  lm_head                 : 231,552
  transformer_matrices    : 47,777,472
  scalars                 : 24
  total                   : 49,629,912
Estimated FLOPs per token: 7.127274e+08
Scaling AdamW LRs by 1/sqrt(576/768) = 1.154701
ROCm: patched InductorBenchmarker (ZeroDivisionError fix)
torch.compile: enabled
Time budget: 57600s
Gradient accumulation steps: 1
Traceback (most recent call last):
  File "/home/jonathan/Documents/projects/autoresearch/train.py", line 773, in <module>
    loss = model(x, y)
  File "/home/jonathan/Documents/projects/autoresearch/.venv/lib/python3.10/site-packages/torch/_dynamo/eval_frame.py", line 414, in __call__
    return super().__call__(*args, **kwargs)
  File "/home/jonathan/Documents/projects/autoresearch/.venv/lib/python3.10/site-packages/torch/nn/modules/module.py", line 1775, in _wrapped_call_impl
    return self._call_impl(*args, **kwargs)
  File "/home/jonathan/Documents/projects/autoresearch/.venv/lib/python3.10/site-packages/torch/nn/modules/module.py", line 1786, in _call_impl
    return forward_call(*args, **kwargs)
  File "/home/jonathan/Documents/projects/autoresearch/.venv/lib/python3.10/site-packages/torch/_dynamo/eval_frame.py", line 832, in compile_wrapper
    return fn(*args, **kwargs)
  File "/home/jonathan/Documents/projects/autoresearch/.venv/lib/python3.10/site-packages/torch/nn/modules/module.py", line 1775, in _wrapped_call_impl
    return self._call_impl(*args, **kwargs)
  File "/home/jonathan/Documents/projects/autoresearch/.venv/lib/python3.10/site-packages/torch/nn/modules/module.py", line 1786, in _call_impl
    return forward_call(*args, **kwargs)
  File "/home/jonathan/Documents/projects/autoresearch/train.py", line 287, in forward
    def forward(self, idx, targets=None, reduction='mean'):
  File "/home/jonathan/Documents/projects/autoresearch/.venv/lib/python3.10/site-packages/torch/_dynamo/eval_frame.py", line 1044, in _fn
    return fn(*args, **kwargs)
  File "/home/jonathan/Documents/projects/autoresearch/.venv/lib/python3.10/site-packages/torch/_functorch/aot_autograd.py", line 1130, in forward
    return compiled_fn(full_args)
  File "/home/jonathan/Documents/projects/autoresearch/.venv/lib/python3.10/site-packages/torch/_functorch/_aot_autograd/runtime_wrappers.py", line 339, in runtime_wrapper
    all_outs = call_func_at_runtime_with_args(
  File "/home/jonathan/Documents/projects/autoresearch/.venv/lib/python3.10/site-packages/torch/_functorch/_aot_autograd/utils.py", line 129, in call_func_at_runtime_with_args
    out = normalize_as_list(f(args))
  File "/home/jonathan/Documents/projects/autoresearch/.venv/lib/python3.10/site-packages/torch/_functorch/_aot_autograd/utils.py", line 103, in g
    return f(*args)
  File "/home/jonathan/Documents/projects/autoresearch/.venv/lib/python3.10/site-packages/torch/autograd/function.py", line 581, in apply
    return super().apply(*args, **kwargs)  # type: ignore[misc]
  File "/home/jonathan/Documents/projects/autoresearch/.venv/lib/python3.10/site-packages/torch/_functorch/_aot_autograd/runtime_wrappers.py", line 2118, in forward
    fw_outs = call_func_at_runtime_with_args(
  File "/home/jonathan/Documents/projects/autoresearch/.venv/lib/python3.10/site-packages/torch/_functorch/_aot_autograd/utils.py", line 129, in call_func_at_runtime_with_args
    out = normalize_as_list(f(args))
  File "/home/jonathan/Documents/projects/autoresearch/.venv/lib/python3.10/site-packages/torch/_functorch/_aot_autograd/runtime_wrappers.py", line 526, in wrapper
    return compiled_fn(runtime_args)
  File "/home/jonathan/Documents/projects/autoresearch/.venv/lib/python3.10/site-packages/torch/_functorch/_aot_autograd/runtime_wrappers.py", line 724, in inner_fn
    outs = compiled_fn(args)
  File "/home/jonathan/Documents/projects/autoresearch/.venv/lib/python3.10/site-packages/torch/_inductor/output_code.py", line 613, in __call__
    return self.current_callable(inputs)
  File "/home/jonathan/Documents/projects/autoresearch/.venv/lib/python3.10/site-packages/torch/_inductor/utils.py", line 3017, in run
    out = model(new_inputs)
  File "/home/jonathan/Documents/projects/autoresearch/.inductor_cache/lb/clbzcf5d7ikuwe6spdghshtieqlwxq3iah7wfyzajkeo26yvflgs.py", line 2983, in call
    buf234 = empty_strided_cuda((32, 8192, 576), (4718592, 576, 1), torch.bfloat16)
torch.OutOfMemoryError: HIP out of memory. Tried to allocate 288.00 MiB. GPU 0 has a total capacity of 96.00 GiB of which 0 bytes is free. Of the allocated memory 33.65 GiB is allocated by PyTorch, and 38.88 MiB is reserved by PyTorch but unallocated. If reserved but unallocated memory is large try setting PYTORCH_CUDA_ALLOC_CONF=expandable_segments:True to avoid fragmentation.  See documentation for Memory Management  (https://pytorch.org/docs/stable/notes/cuda.html#environment-variables)
